<?xml version="1.0" encoding="UTF-8" standalone="no"?>
<!DOCTYPE log SYSTEM "logger.dtd">
<log>
<record>
  <date>2018-02-26T14:46:06.885-0300</date>
  <logger>JOSE DE ARIMATEIA MORAIS FILHO</logger>
  <level>FINE</level>
  <message>File 116210830-JOSE DE ARIMATEIA MORAIS FILHO.zip was received. It was sent by JOSE DE ARIMATEIA MORAIS FILHO from IP 10.0.0.108</message>
</record>
</log>
<?xml version="1.0" encoding="UTF-8" standalone="no"?>
<!DOCTYPE log SYSTEM "logger.dtd">
<log>
<record>
  <date>2018-02-26T21:04:33.749-0300</date>
  <logger>JOSE DE ARIMATEIA MORAIS FILHO</logger>
  <level>FINE</level>
  <message>File 116210830-JOSE DE ARIMATEIA MORAIS FILHO.zip was received. It was sent by JOSE DE ARIMATEIA MORAIS FILHO from IP 10.0.0.108</message>
</record>
</log>
<?xml version="1.0" encoding="UTF-8" standalone="no"?>
<!DOCTYPE log SYSTEM "logger.dtd">
<log>
<record>
  <date>2018-02-27T07:52:00.173-0300</date>
  <logger>JOSE DE ARIMATEIA MORAIS FILHO</logger>
  <level>FINE</level>
  <message>File 116210830-JOSE DE ARIMATEIA MORAIS FILHO.zip was received. It was sent by JOSE DE ARIMATEIA MORAIS FILHO from IP 10.0.0.108</message>
</record>
</log>
<?xml version="1.0" encoding="UTF-8" standalone="no"?>
<!DOCTYPE log SYSTEM "logger.dtd">
<log>
<record>
  <date>2018-02-27T23:44:42.249-0300</date>
  <logger>JOSE DE ARIMATEIA MORAIS FILHO</logger>
  <level>FINE</level>
  <message>File 116210830-JOSE DE ARIMATEIA MORAIS FILHO.zip was received. It was sent by JOSE DE ARIMATEIA MORAIS FILHO from IP 10.0.0.108</message>
</record>
