<?xml version="1.0" encoding="UTF-8" standalone="no"?>
<!DOCTYPE log SYSTEM "logger.dtd">
<log>
<record>
  <date>2017-12-11T14:12:49.144-0300</date>
  <logger>JOSE DE ARIMATEIA MORAIS FILHO</logger>
  <level>FINE</level>
  <message>File 116210830-JOSE DE ARIMATEIA MORAIS FILHO.zip was received. It was sent by JOSE DE ARIMATEIA MORAIS FILHO from IP 150.165.42.111</message>
</record>
</log>
<?xml version="1.0" encoding="UTF-8" standalone="no"?>
<!DOCTYPE log SYSTEM "logger.dtd">
<log>
<record>
  <date>2017-12-11T21:12:59.184-0300</date>
  <logger>JOSE DE ARIMATEIA MORAIS FILHO</logger>
  <level>FINE</level>
  <message>File 116210830-JOSE DE ARIMATEIA MORAIS FILHO.zip was received. It was sent by JOSE DE ARIMATEIA MORAIS FILHO from IP 10.0.0.102</message>
</record>
</log>
<?xml version="1.0" encoding="UTF-8" standalone="no"?>
<!DOCTYPE log SYSTEM "logger.dtd">
<log>
<record>
  <date>2017-12-11T21:29:43.585-0300</date>
  <logger>JOSE DE ARIMATEIA MORAIS FILHO</logger>
  <level>FINE</level>
  <message>File 116210830-JOSE DE ARIMATEIA MORAIS FILHO.zip was received. It was sent by JOSE DE ARIMATEIA MORAIS FILHO from IP 10.0.0.102</message>
</record>
