<?xml version="1.0" encoding="UTF-8" standalone="no"?>
<!DOCTYPE log SYSTEM "logger.dtd">
<log>
<record>
  <date>2017-11-06T14:26:46.092-0300</date>
  <logger>JOSE DE ARIMATEIA MORAIS FILHO</logger>
  <level>FINE</level>
  <message>File 116210830-JOSE DE ARIMATEIA MORAIS FILHO.zip was received. It was sent by JOSE DE ARIMATEIA MORAIS FILHO from IP 150.165.42.111</message>
</record>
</log>
<?xml version="1.0" encoding="UTF-8" standalone="no"?>
<!DOCTYPE log SYSTEM "logger.dtd">
<log>
<record>
  <date>2017-11-06T23:19:58.458-0300</date>
  <logger>JOSE DE ARIMATEIA MORAIS FILHO</logger>
  <level>FINE</level>
  <message>File 116210830-JOSE DE ARIMATEIA MORAIS FILHO.zip was received. It was sent by JOSE DE ARIMATEIA MORAIS FILHO from IP 10.0.0.109</message>
</record>
</log>
<?xml version="1.0" encoding="UTF-8" standalone="no"?>
<!DOCTYPE log SYSTEM "logger.dtd">
<log>
<record>
  <date>2017-11-06T23:20:41.465-0300</date>
  <logger>JOSE DE ARIMATEIA MORAIS FILHO</logger>
  <level>FINE</level>
  <message>File 116210830-JOSE DE ARIMATEIA MORAIS FILHO.zip was received. It was sent by JOSE DE ARIMATEIA MORAIS FILHO from IP 10.0.0.109</message>
</record>
</log>
<?xml version="1.0" encoding="UTF-8" standalone="no"?>
<!DOCTYPE log SYSTEM "logger.dtd">
<log>
<record>
  <date>2017-11-07T23:38:58.538-0300</date>
  <logger>JOSE DE ARIMATEIA MORAIS FILHO</logger>
  <level>FINE</level>
  <message>File 116210830-JOSE DE ARIMATEIA MORAIS FILHO.zip was received. It was sent by JOSE DE ARIMATEIA MORAIS FILHO from IP 10.0.0.109</message>
</record>
