<?xml version="1.0" encoding="UTF-8" standalone="no"?>
<!DOCTYPE log SYSTEM "logger.dtd">
<log>
<record>
  <date>2017-11-27T15:50:42.974-0300</date>
  <logger>JOSE DE ARIMATEIA MORAIS FILHO</logger>
  <level>FINE</level>
  <message>File 116210830-JOSE DE ARIMATEIA MORAIS FILHO.zip was received. It was sent by JOSE DE ARIMATEIA MORAIS FILHO from IP 10.0.0.102</message>
</record>
</log>
<?xml version="1.0" encoding="UTF-8" standalone="no"?>
<!DOCTYPE log SYSTEM "logger.dtd">
<log>
<record>
  <date>2017-11-29T10:58:56.253-0300</date>
  <logger>JOSE DE ARIMATEIA MORAIS FILHO</logger>
  <level>FINE</level>
  <message>File 116210830-JOSE DE ARIMATEIA MORAIS FILHO.zip was received. It was sent by JOSE DE ARIMATEIA MORAIS FILHO from IP 10.0.0.102</message>
</record>
</log>
<?xml version="1.0" encoding="UTF-8" standalone="no"?>
<!DOCTYPE log SYSTEM "logger.dtd">
<log>
<record>
  <date>2017-11-29T11:37:01.898-0300</date>
  <logger>JOSE DE ARIMATEIA MORAIS FILHO</logger>
  <level>FINE</level>
  <message>File 116210830-JOSE DE ARIMATEIA MORAIS FILHO.zip was received. It was sent by JOSE DE ARIMATEIA MORAIS FILHO from IP 10.0.0.102</message>
</record>
</log>
<?xml version="1.0" encoding="UTF-8" standalone="no"?>
<!DOCTYPE log SYSTEM "logger.dtd">
<log>
<record>
  <date>2017-11-29T11:58:21.566-0300</date>
  <logger>JOSE DE ARIMATEIA MORAIS FILHO</logger>
  <level>FINE</level>
  <message>File 116210830-JOSE DE ARIMATEIA MORAIS FILHO.zip was received. It was sent by JOSE DE ARIMATEIA MORAIS FILHO from IP 10.0.0.102</message>
</record>
