<?xml version="1.0" encoding="UTF-8" standalone="no"?>
<!DOCTYPE log SYSTEM "logger.dtd">
<log>
<record>
  <date>2017-12-06T17:51:01.558-0300</date>
  <logger>JOSE DE ARIMATEIA MORAIS FILHO</logger>
  <level>FINE</level>
  <message>File 116210830-JOSE DE ARIMATEIA MORAIS FILHO.zip was received. It was sent by JOSE DE ARIMATEIA MORAIS FILHO from IP 10.0.0.102</message>
</record>
</log>
<?xml version="1.0" encoding="UTF-8" standalone="no"?>
<!DOCTYPE log SYSTEM "logger.dtd">
<log>
<record>
  <date>2017-12-06T19:16:44.433-0300</date>
  <logger>JOSE DE ARIMATEIA MORAIS FILHO</logger>
  <level>FINE</level>
  <message>File 116210830-JOSE DE ARIMATEIA MORAIS FILHO.zip was received. It was sent by JOSE DE ARIMATEIA MORAIS FILHO from IP 10.0.0.102</message>
</record>
</log>
<?xml version="1.0" encoding="UTF-8" standalone="no"?>
<!DOCTYPE log SYSTEM "logger.dtd">
<log>
<record>
  <date>2017-12-07T21:27:09.263-0300</date>
  <logger>JOSE DE ARIMATEIA MORAIS FILHO</logger>
  <level>FINE</level>
  <message>File 116210830-JOSE DE ARIMATEIA MORAIS FILHO.zip was received. It was sent by JOSE DE ARIMATEIA MORAIS FILHO from IP 10.0.0.102</message>
</record>
</log>
<?xml version="1.0" encoding="UTF-8" standalone="no"?>
<!DOCTYPE log SYSTEM "logger.dtd">
<log>
<record>
  <date>2017-12-08T15:16:59.121-0300</date>
  <logger>JOSE DE ARIMATEIA MORAIS FILHO</logger>
  <level>FINE</level>
  <message>File 116210830-JOSE DE ARIMATEIA MORAIS FILHO.zip was received. It was sent by JOSE DE ARIMATEIA MORAIS FILHO from IP 10.0.0.102</message>
</record>
